<?xml version="1.0" encoding="UTF-8"?>
<!-- Generated by org.testng.reporters.JUnitReportReporter -->
<testsuite hostname="LAPTOP-45IEVTP4" failures="0" tests="2" name="com.tka.testCases.LoginTestCases" time="10.843" errors="0" timestamp="2025-01-07T14:35:34 IST" skipped="0">
  <testcase classname="com.tka.testCases.LoginTestCases" name="verifyValidLogin" time="4.031"/>
  <system-out/>
  <testcase classname="com.tka.testCases.LoginTestCases" name="checksubheadingText" time="6.812"/>
  <system-out/>
</testsuite> <!-- com.tka.testCases.LoginTestCases -->
